<?xml version="1.0" encoding="UTF-8"?>
<!-- Generated by org.testng.reporters.JUnitReportReporter -->
<testsuite hostname="DESKTOP-3HFH5UG" failures="0" tests="2" name="basicTestNG.firstTestNgProgram" time="0.002" errors="0" timestamp="2022-01-24T17:43:10 IST" skipped="0">
  <testcase classname="basicTestNG.firstTestNgProgram" name="method4" time="0.001"/>
  <system-out>
    <![CDATA[TestNG Framework]]>
  </system-out>
  <testcase classname="basicTestNG.firstTestNgProgram" name="method3" time="0.001"/>
  <system-out>
    <![CDATA[TestNG Framework]]>
  </system-out>
</testsuite> <!-- basicTestNG.firstTestNgProgram -->
