<?xml version="1.0" encoding="UTF-8"?>
<!-- Generated by org.testng.reporters.JUnitReportReporter -->
<testsuite hostname="DESKTOP-3HFH5UG" failures="0" tests="2" name="basicTestNG.EX2" time="0.010" errors="0" timestamp="2022-01-24T17:43:10 IST" skipped="0">
  <testcase classname="basicTestNG.EX2" name="method4" time="0.008"/>
  <system-out>
    <![CDATA[TestNG Framework]]>
  </system-out>
  <testcase classname="basicTestNG.EX2" name="method3" time="0.002"/>
  <system-out>
    <![CDATA[TestNG Framework]]>
  </system-out>
</testsuite> <!-- basicTestNG.EX2 -->
