<?xml version="1.0" encoding="UTF-8"?>
<!-- Generated by org.testng.reporters.JUnitReportReporter -->
<testsuite hostname="DESKTOP-3HFH5UG" failures="0" tests="3" name="bookings.BookHolidaypackage" time="0.006" errors="0" timestamp="2022-01-24T17:43:10 IST" skipped="0">
  <testcase classname="bookings.BookHolidaypackage" name="BookHolidaypackage_destination" time="0.001"/>
  <system-out/>
  <testcase classname="bookings.BookHolidaypackage" name="BookHolidaypackage_return" time="0.002"/>
  <system-out/>
  <testcase classname="bookings.BookHolidaypackage" name="BookHolidaypackage_dispature" time="0.003"/>
  <system-out/>
</testsuite> <!-- bookings.BookHolidaypackage -->
