<?xml version="1.0" encoding="UTF-8"?>
<!-- Generated by org.testng.reporters.JUnitReportReporter -->
<testsuite hostname="DESKTOP-3HFH5UG" failures="0" tests="4" name="basicTestNG.Annatations" time="0.011" errors="0" timestamp="2022-01-24T17:43:10 IST" skipped="0">
  <testcase classname="basicTestNG.Annatations" name="BookFlight_OneWay_TestCase3" time="0.003"/>
  <system-out/>
  <testcase classname="basicTestNG.Annatations" name="BookFlight_RoundTrip_TestCase1" time="0.003"/>
  <system-out/>
  <testcase classname="basicTestNG.Annatations" name="BookFlight_RoundTrip_TestCase2" time="0.003"/>
  <system-out/>
  <testcase classname="basicTestNG.Annatations" name="BookFlight_OneWay_TestCase4" time="0.002"/>
  <system-out/>
</testsuite> <!-- basicTestNG.Annatations -->
