<?xml version="1.0" encoding="UTF-8"?>
<!-- Generated by org.testng.reporters.JUnitReportReporter -->
<testsuite hostname="DESKTOP-3HFH5UG" failures="0" tests="4" name="basicTestNG.bookflight" time="0.014" errors="0" timestamp="2022-01-24T15:48:06 IST" skipped="0">
  <testcase classname="basicTestNG.bookflight" name="BookFlight_OneWay_TestCase4" time="0.008"/>
  <system-out/>
  <testcase classname="basicTestNG.bookflight" name="BookFlight_OneWay_TestCase3" time="0.001"/>
  <system-out/>
  <testcase classname="basicTestNG.bookflight" name="BookFlight_RoundTrip_TestCase2" time="0.001"/>
  <system-out/>
  <testcase classname="basicTestNG.bookflight" name="BookFlight_RoundTrip_TestCase1" time="0.004"/>
  <system-out/>
</testsuite> <!-- basicTestNG.bookflight -->
