<?xml version="1.0" encoding="UTF-8"?>
<!-- Generated by org.testng.reporters.JUnitReportReporter -->
<testsuite hostname="DESKTOP-3HFH5UG" failures="0" tests="3" name="bookings.BookHotel" time="0.006" errors="0" timestamp="2022-01-24T17:43:10 IST" skipped="0">
  <testcase classname="bookings.BookHotel" name="BookHotel_CheckOut" time="0.002"/>
  <system-out/>
  <testcase classname="bookings.BookHotel" name="BookHotel_CheckIn" time="0.002"/>
  <system-out/>
  <testcase classname="bookings.BookHotel" name="BookHotel_destination" time="0.002"/>
  <system-out/>
</testsuite> <!-- bookings.BookHotel -->
